0 info it worked if it ends with ok
1 verbose cli [ '/usr/bin/node', '/usr/bin/npm', 'install', 'package.json' ]
2 info using npm@3.5.2
3 info using node@v8.10.0
4 silly loadCurrentTree Starting
5 silly install loadCurrentTree
6 silly install readLocalPackageData
7 silly fetchPackageMetaData package.json
8 silly fetchOtherPackageData package.json
9 silly cache add args [ 'package.json', null ]
10 verbose cache add spec package.json
11 silly cache add parsed spec Result {
11 silly cache add   raw: 'package.json',
11 silly cache add   scope: null,
11 silly cache add   name: null,
11 silly cache add   rawSpec: 'package.json',
11 silly cache add   spec: '/home/toni/Documentos/pokerPlamTFG/frontend/package.json',
11 silly cache add   type: 'local' }
12 silly addLocalTarball shasum (computed) 510a2d29535b65dd88516856bcf6d5a49a92e6b7
13 verbose addTmpTarball /home/toni/Documentos/pokerPlamTFG/frontend/package.json not in flight; adding
14 verbose addTmpTarball validating metadata from /home/toni/Documentos/pokerPlamTFG/frontend/package.json
15 verbose tar unpack /home/toni/Documentos/pokerPlamTFG/frontend/package.json
16 verbose tar unpacking to /tmp/npm-11010-2394cdef/unpack-b550e2ee
17 silly gentlyRm /tmp/npm-11010-2394cdef/unpack-b550e2ee is being purged
18 verbose gentlyRm don't care about contents; nuking /tmp/npm-11010-2394cdef/unpack-b550e2ee
19 silly gunzTarPerm modes [ '755', '644' ]
20 error not a package /home/toni/Documentos/pokerPlamTFG/frontend/package.json
21 error addLocal Could not install /home/toni/Documentos/pokerPlamTFG/frontend/package.json
22 silly fetchPackageMetaData Error: ENOENT: no such file or directory, open '/tmp/npm-11010-2394cdef/unpack-b550e2ee/package.json'
22 silly fetchPackageMetaData  error for package.json { Error: ENOENT: no such file or directory, open '/tmp/npm-11010-2394cdef/unpack-b550e2ee/package.json'
22 silly fetchPackageMetaData   errno: -2,
22 silly fetchPackageMetaData   code: 'ENOENT',
22 silly fetchPackageMetaData   syscall: 'open',
22 silly fetchPackageMetaData   path: '/tmp/npm-11010-2394cdef/unpack-b550e2ee/package.json' }
23 silly rollbackFailedOptional Starting
24 silly rollbackFailedOptional Finishing
25 silly runTopLevelLifecycles Starting
26 silly runTopLevelLifecycles Finishing
27 silly install printInstalled
28 verbose stack Error: ENOENT: no such file or directory, open '/tmp/npm-11010-2394cdef/unpack-b550e2ee/package.json'
29 verbose cwd /home/toni/Documentos/pokerPlamTFG/frontend
30 error Linux 5.3.0-53-generic
31 error argv "/usr/bin/node" "/usr/bin/npm" "install" "package.json"
32 error node v8.10.0
33 error npm  v3.5.2
34 error path /tmp/npm-11010-2394cdef/unpack-b550e2ee/package.json
35 error code ENOENT
36 error errno -2
37 error syscall open
38 error enoent ENOENT: no such file or directory, open '/tmp/npm-11010-2394cdef/unpack-b550e2ee/package.json'
39 error enoent ENOENT: no such file or directory, open '/tmp/npm-11010-2394cdef/unpack-b550e2ee/package.json'
39 error enoent This is most likely not a problem with npm itself
39 error enoent and is related to npm not being able to find a file.
40 verbose exit [ -2, true ]
